--------------------
name:KB3175024
architecture:-
new_epoch:1
new_version:-
new_release:-
group:Security Updates
epoch:1
version:-
release:-
summary:Security Update for Windows Server 2012 R2 (KB3175024)
description:A security issue has been identified in a Microsoft software product that could affect your system. You can help protect your system by installing this update from Microsoft. For a complete listing of the issues that are included in this update, see the associated Microsoft Knowledge Base article. After you install this update, you may have to restart your system.

--------------------
name:KB4493435
architecture:-
new_epoch:1
new_version:-
new_release:-
group:Security Updates
epoch:1
version:-
release:-
summary:2019-04 Cumulative Security Update for Internet Explorer 11 for Windows Server 2012 R2 for x64-based systems (KB4493435)
description:A security issue has been identified in a Microsoft software product that could affect your system. You can help protect your system by installing this update from Microsoft. For a complete listing of the issues that are included in this update, see the associated Microsoft Knowledge Base article. After you install this update, you may have to restart your system.

--------------------
name:KB4493446
architecture:-
new_epoch:1
new_version:-
new_release:-
group:Security Updates
epoch:1
version:-
release:-
summary:2019-04 Security Monthly Quality Rollup for Windows Server 2012 R2 for x64-based Systems (KB4493446)
description:A security issue has been identified in a Microsoft software product that could affect your system. You can help protect your system by installing this update from Microsoft. For a complete listing of the issues that are included in this update, see the associated Microsoft Knowledge Base article. After you install this update, you may have to restart your system.

